{
 "displayTimeUnit": "ms",
 "traceEvents": [
  {
   "ts": 0,
   "pid": "Vehicle:0",
   "tid": "Vehicle:0",
   "cat": "ddd",
   "args": {
    "cargo": [
     "CARGO:Factory_A_0"
    ],
    "transport": "Vehicle:0"
   },
   "ph": "B",
   "name": "Factory-Port"
  },
  {
   "ts": 0,
   "pid": "Vehicle:0",
   "tid": "Vehicle:0",
   "cat": "ddd",
   "args": {
    "cargo": [
     "CARGO:Factory_A_0"
    ],
    "transport": "Vehicle:0"
   },
   "ph": "E"
  },
  {
   "ts": 0,
   "pid": "Vehicle:1",
   "tid": "Vehicle:1",
   "cat": "ddd",
   "args": {
    "cargo": [
     "CARGO:Factory_A_1"
    ],
    "transport": "Vehicle:1"
   },
   "ph": "B",
   "name": "Factory-Port"
  },
  {
   "ts": 0,
   "pid": "Vehicle:1",
   "tid": "Vehicle:1",
   "cat": "ddd",
   "args": {
    "cargo": [
     "CARGO:Factory_A_1"
    ],
    "transport": "Vehicle:1"
   },
   "ph": "E"
  },
  {
   "ts": 1,
   "pid": "Vehicle:0",
   "tid": "Vehicle:0",
   "cat": "ddd",
   "args": {
    "cargo": [],
    "transport": "Vehicle:0"
   },
   "ph": "B",
   "name": "Port-Factory"
  },
  {
   "ts": 1,
   "pid": "Vehicle:0",
   "tid": "Vehicle:0",
   "cat": "ddd",
   "args": {
    "cargo": [],
    "transport": "Vehicle:0"
   },
   "ph": "E"
  },
  {
   "ts": 1,
   "pid": "Vehicle:1",
   "tid": "Vehicle:1",
   "cat": "ddd",
   "args": {
    "cargo": [],
    "transport": "Vehicle:1"
   },
   "ph": "B",
   "name": "Port-Factory"
  },
  {
   "ts": 1,
   "pid": "Vehicle:1",
   "tid": "Vehicle:1",
   "cat": "ddd",
   "args": {
    "cargo": [],
    "transport": "Vehicle:1"
   },
   "ph": "E"
  },
  {
   "ts": 2,
   "pid": "Vehicle:0",
   "tid": "Vehicle:0",
   "cat": "ddd",
   "args": {
    "cargo": [
     "CARGO:Factory_B_2"
    ],
    "transport": "Vehicle:0"
   },
   "ph": "B",
   "name": "Factory-B"
  },
  {
   "ts": 2,
   "pid": "Vehicle:1",
   "tid": "Vehicle:1",
   "cat": "ddd",
   "args": {
    "cargo": [
     "CARGO:Factory_A_3"
    ],
    "transport": "Vehicle:1"
   },
   "ph": "B",
   "name": "Factory-Port"
  },
  {
   "ts": 2,
   "pid": "Vehicle:1",
   "tid": "Vehicle:1",
   "cat": "ddd",
   "args": {
    "cargo": [
     "CARGO:Factory_A_3"
    ],
    "transport": "Vehicle:1"
   },
   "ph": "E"
  },
  {
   "ts": 2,
   "pid": "Ship:2",
   "tid": "Ship:2",
   "cat": "ddd",
   "args": {
    "cargo": [
     "CARGO:Factory_A_0",
     "CARGO:Factory_A_1"
    ],
    "transport": "Ship:2"
   },
   "ph": "X",
   "dur": 1,
   "name": "LOAD"
  },
  {
   "ts": 2,
   "pid": "Ship:2",
   "tid": "Ship:2",
   "cat": "ddd",
   "args": {
    "cargo": [
     "CARGO:Factory_A_0",
     "CARGO:Factory_A_1"
    ],
    "transport": "Ship:2"
   },
   "ph": "B",
   "name": "Port-A"
  },
  {
   "ts": 3,
   "pid": "Vehicle:1",
   "tid": "Vehicle:1",
   "cat": "ddd",
   "args": {
    "cargo": [],
    "transport": "Vehicle:1"
   },
   "ph": "B",
   "name": "Port-Factory"
  },
  {
   "ts": 3,
   "pid": "Vehicle:1",
   "tid": "Vehicle:1",
   "cat": "ddd",
   "args": {
    "cargo": [],
    "transport": "Vehicle:1"
   },
   "ph": "E"
  },
  {
   "ts": 4,
   "pid": "Vehicle:1",
   "tid": "Vehicle:1",
   "cat": "ddd",
   "args": {
    "cargo": [
     "CARGO:Factory_B_4"
    ],
    "transport": "Vehicle:1"
   },
   "ph": "B",
   "name": "Factory-B"
  },
  {
   "ts": 6,
   "pid": "Vehicle:0",
   "tid": "Vehicle:0",
   "cat": "ddd",
   "args": {
    "cargo": [
     "CARGO:Factory_B_2"
    ],
    "transport": "Vehicle:0"
   },
   "ph": "E"
  },
  {
   "ts": 7,
   "pid": "Vehicle:0",
   "tid": "Vehicle:0",
   "cat": "ddd",
   "args": {
    "cargo": [],
    "transport": "Vehicle:0"
   },
   "ph": "B",
   "name": "B-Factory"
  },
  {
   "ts": 7,
   "pid": "Ship:2",
   "tid": "Ship:2",
   "cat": "ddd",
   "args": {
    "cargo": [
     "CARGO:Factory_A_0",
     "CARGO:Factory_A_1"
    ],
    "transport": "Ship:2"
   },
   "ph": "E"
  },
  {
   "ts": 8,
   "pid": "Vehicle:1",
   "tid": "Vehicle:1",
   "cat": "ddd",
   "args": {
    "cargo": [
     "CARGO:Factory_B_4"
    ],
    "transport": "Vehicle:1"
   },
   "ph": "E"
  },
  {
   "ts": 9,
   "pid": "Vehicle:1",
   "tid": "Vehicle:1",
   "cat": "ddd",
   "args": {
    "cargo": [],
    "transport": "Vehicle:1"
   },
   "ph": "B",
   "name": "B-Factory"
  },
  {
   "ts": 9,
   "pid": "Ship:2",
   "tid": "Ship:2",
   "cat": "ddd",
   "args": {
    "cargo": [
     "CARGO:Factory_A_0",
     "CARGO:Factory_A_1"
    ],
    "transport": "Ship:2"
   },
   "ph": "X",
   "dur": 1,
   "name": "UNLOAD"
  },
  {
   "ts": 9,
   "pid": "Ship:2",
   "tid": "Ship:2",
   "cat": "ddd",
   "args": {
    "cargo": [],
    "transport": "Ship:2"
   },
   "ph": "B",
   "name": "A-Port"
  },
  {
   "ts": 11,
   "pid": "Vehicle:0",
   "tid": "Vehicle:0",
   "cat": "ddd",
   "args": {
    "cargo": [],
    "transport": "Vehicle:0"
   },
   "ph": "E"
  },
  {
   "ts": 12,
   "pid": "Vehicle:0",
   "tid": "Vehicle:0",
   "cat": "ddd",
   "args": {
    "cargo": [
     "CARGO:Factory_B_5"
    ],
    "transport": "Vehicle:0"
   },
   "ph": "B",
   "name": "Factory-B"
  },
  {
   "ts": 13,
   "pid": "Vehicle:1",
   "tid": "Vehicle:1",
   "cat": "ddd",
   "args": {
    "cargo": [],
    "transport": "Vehicle:1"
   },
   "ph": "E"
  },
  {
   "ts": 14,
   "pid": "Vehicle:1",
   "tid": "Vehicle:1",
   "cat": "ddd",
   "args": {
    "cargo": [
     "CARGO:Factory_A_6"
    ],
    "transport": "Vehicle:1"
   },
   "ph": "B",
   "name": "Factory-Port"
  },
  {
   "ts": 14,
   "pid": "Vehicle:1",
   "tid": "Vehicle:1",
   "cat": "ddd",
   "args": {
    "cargo": [
     "CARGO:Factory_A_6"
    ],
    "transport": "Vehicle:1"
   },
   "ph": "E"
  },
  {
   "ts": 14,
   "pid": "Ship:2",
   "tid": "Ship:2",
   "cat": "ddd",
   "args": {
    "cargo": [],
    "transport": "Ship:2"
   },
   "ph": "E"
  },
  {
   "ts": 15,
   "pid": "Vehicle:1",
   "tid": "Vehicle:1",
   "cat": "ddd",
   "args": {
    "cargo": [],
    "transport": "Vehicle:1"
   },
   "ph": "B",
   "name": "Port-Factory"
  },
  {
   "ts": 15,
   "pid": "Vehicle:1",
   "tid": "Vehicle:1",
   "cat": "ddd",
   "args": {
    "cargo": [],
    "transport": "Vehicle:1"
   },
   "ph": "E"
  },
  {
   "ts": 16,
   "pid": "Vehicle:0",
   "tid": "Vehicle:0",
   "cat": "ddd",
   "args": {
    "cargo": [
     "CARGO:Factory_B_5"
    ],
    "transport": "Vehicle:0"
   },
   "ph": "E"
  },
  {
   "ts": 16,
   "pid": "Vehicle:1",
   "tid": "Vehicle:1",
   "cat": "ddd",
   "args": {
    "cargo": [
     "CARGO:Factory_B_7"
    ],
    "transport": "Vehicle:1"
   },
   "ph": "B",
   "name": "Factory-B"
  },
  {
   "ts": 16,
   "pid": "Ship:2",
   "tid": "Ship:2",
   "cat": "ddd",
   "args": {
    "cargo": [
     "CARGO:Factory_A_3",
     "CARGO:Factory_A_6"
    ],
    "transport": "Ship:2"
   },
   "ph": "X",
   "dur": 1,
   "name": "LOAD"
  },
  {
   "ts": 16,
   "pid": "Ship:2",
   "tid": "Ship:2",
   "cat": "ddd",
   "args": {
    "cargo": [
     "CARGO:Factory_A_3",
     "CARGO:Factory_A_6"
    ],
    "transport": "Ship:2"
   },
   "ph": "B",
   "name": "Port-A"
  },
  {
   "ts": 17,
   "pid": "Vehicle:0",
   "tid": "Vehicle:0",
   "cat": "ddd",
   "args": {
    "cargo": [],
    "transport": "Vehicle:0"
   },
   "ph": "B",
   "name": "B-Factory"
  },
  {
   "ts": 20,
   "pid": "Vehicle:1",
   "tid": "Vehicle:1",
   "cat": "ddd",
   "args": {
    "cargo": [
     "CARGO:Factory_B_7"
    ],
    "transport": "Vehicle:1"
   },
   "ph": "E"
  },
  {
   "ts": 21,
   "pid": "Vehicle:0",
   "tid": "Vehicle:0",
   "cat": "ddd",
   "args": {
    "cargo": [],
    "transport": "Vehicle:0"
   },
   "ph": "E"
  },
  {
   "ts": 21,
   "pid": "Vehicle:1",
   "tid": "Vehicle:1",
   "cat": "ddd",
   "args": {
    "cargo": [],
    "transport": "Vehicle:1"
   },
   "ph": "B",
   "name": "B-Factory"
  },
  {
   "ts": 21,
   "pid": "Ship:2",
   "tid": "Ship:2",
   "cat": "ddd",
   "args": {
    "cargo": [
     "CARGO:Factory_A_3",
     "CARGO:Factory_A_6"
    ],
    "transport": "Ship:2"
   },
   "ph": "E"
  },
  {
   "ts": 23,
   "pid": "Ship:2",
   "tid": "Ship:2",
   "cat": "ddd",
   "args": {
    "cargo": [
     "CARGO:Factory_A_3",
     "CARGO:Factory_A_6"
    ],
    "transport": "Ship:2"
   },
   "ph": "X",
   "dur": 1,
   "name": "UNLOAD"
  },
  {
   "ts": 23,
   "pid": "Ship:2",
   "tid": "Ship:2",
   "cat": "ddd",
   "args": {
    "cargo": [],
    "transport": "Ship:2"
   },
   "ph": "B",
   "name": "A-Port"
  }
 ]
}
