# Deliver AABABBAB completed in: 43
{"event":"LOAD","time":0,"transport_id":0,"kind":"Vehicle","location":"Factory","cargo":[{"cargo_id":0,"destination":"A","origin":"Factory"}],"duration":0}
{"event":"DEPART","time":0,"transport_id":0,"kind":"Vehicle","location":"Factory","destination":"Port","cargo":[{"cargo_id":0,"destination":"A","origin":"Factory"}]}
{"event":"LOAD","time":0,"transport_id":1,"kind":"Vehicle","location":"Factory","cargo":[{"cargo_id":1,"destination":"A","origin":"Factory"}],"duration":0}
{"event":"DEPART","time":0,"transport_id":1,"kind":"Vehicle","location":"Factory","destination":"Port","cargo":[{"cargo_id":1,"destination":"A","origin":"Factory"}]}
{"event":"ARRIVE","time":1,"transport_id":0,"kind":"Vehicle","destination":"Port","cargo":[{"cargo_id":0,"destination":"A","origin":"Factory"}]}
{"event":"ARRIVE","time":1,"transport_id":1,"kind":"Vehicle","destination":"Port","cargo":[{"cargo_id":1,"destination":"A","origin":"Factory"}]}
{"event":"UNLOAD","time":2,"transport_id":0,"kind":"Vehicle","location":"Port","cargo":[{"cargo_id":0,"destination":"A","origin":"Factory"}],"duration":0}
{"event":"DEPART","time":2,"transport_id":0,"kind":"Vehicle","location":"Port","destination":"Factory","cargo":[]}
{"event":"UNLOAD","time":2,"transport_id":1,"kind":"Vehicle","location":"Port","cargo":[{"cargo_id":1,"destination":"A","origin":"Factory"}],"duration":0}
{"event":"DEPART","time":2,"transport_id":1,"kind":"Vehicle","location":"Port","destination":"Factory","cargo":[]}
{"event":"ARRIVE","time":3,"transport_id":0,"kind":"Vehicle","destination":"Factory","cargo":[]}
{"event":"ARRIVE","time":3,"transport_id":1,"kind":"Vehicle","destination":"Factory","cargo":[]}
{"event":"LOAD","time":3,"transport_id":2,"kind":"Ship","location":"Port","cargo":[{"cargo_id":0,"destination":"A","origin":"Factory"},{"cargo_id":1,"destination":"A","origin":"Factory"}],"duration":1}
{"event":"DEPART","time":3,"transport_id":2,"kind":"Ship","location":"Port","destination":"A","cargo":[{"cargo_id":0,"destination":"A","origin":"Factory"},{"cargo_id":1,"destination":"A","origin":"Factory"}]}
{"event":"LOAD","time":4,"transport_id":0,"kind":"Vehicle","location":"Factory","cargo":[{"cargo_id":2,"destination":"B","origin":"Factory"}],"duration":0}
{"event":"DEPART","time":4,"transport_id":0,"kind":"Vehicle","location":"Factory","destination":"B","cargo":[{"cargo_id":2,"destination":"B","origin":"Factory"}]}
{"event":"LOAD","time":4,"transport_id":1,"kind":"Vehicle","location":"Factory","cargo":[{"cargo_id":3,"destination":"A","origin":"Factory"}],"duration":0}
{"event":"DEPART","time":4,"transport_id":1,"kind":"Vehicle","location":"Factory","destination":"Port","cargo":[{"cargo_id":3,"destination":"A","origin":"Factory"}]}
{"event":"ARRIVE","time":5,"transport_id":1,"kind":"Vehicle","destination":"Port","cargo":[{"cargo_id":3,"destination":"A","origin":"Factory"}]}
{"event":"UNLOAD","time":6,"transport_id":1,"kind":"Vehicle","location":"Port","cargo":[{"cargo_id":3,"destination":"A","origin":"Factory"}],"duration":0}
{"event":"DEPART","time":6,"transport_id":1,"kind":"Vehicle","location":"Port","destination":"Factory","cargo":[]}
{"event":"ARRIVE","time":7,"transport_id":1,"kind":"Vehicle","destination":"Factory","cargo":[]}
{"event":"LOAD","time":8,"transport_id":1,"kind":"Vehicle","location":"Factory","cargo":[{"cargo_id":4,"destination":"B","origin":"Factory"}],"duration":0}
{"event":"DEPART","time":8,"transport_id":1,"kind":"Vehicle","location":"Factory","destination":"B","cargo":[{"cargo_id":4,"destination":"B","origin":"Factory"}]}
{"event":"ARRIVE","time":9,"transport_id":0,"kind":"Vehicle","destination":"B","cargo":[{"cargo_id":2,"destination":"B","origin":"Factory"}]}
{"event":"ARRIVE","time":9,"transport_id":2,"kind":"Ship","destination":"A","cargo":[{"cargo_id":0,"destination":"A","origin":"Factory"},{"cargo_id":1,"destination":"A","origin":"Factory"}]}
{"event":"UNLOAD","time":10,"transport_id":0,"kind":"Vehicle","location":"B","cargo":[{"cargo_id":2,"destination":"B","origin":"Factory"}],"duration":0}
{"event":"DEPART","time":10,"transport_id":0,"kind":"Vehicle","location":"B","destination":"Factory","cargo":[]}
{"event":"UNLOAD","time":11,"transport_id":2,"kind":"Ship","location":"A","cargo":[{"cargo_id":0,"destination":"A","origin":"Factory"},{"cargo_id":1,"destination":"A","origin":"Factory"}],"duration":1}
{"event":"DEPART","time":11,"transport_id":2,"kind":"Ship","location":"A","destination":"Port","cargo":[]}
{"event":"ARRIVE","time":13,"transport_id":1,"kind":"Vehicle","destination":"B","cargo":[{"cargo_id":4,"destination":"B","origin":"Factory"}]}
{"event":"UNLOAD","time":14,"transport_id":1,"kind":"Vehicle","location":"B","cargo":[{"cargo_id":4,"destination":"B","origin":"Factory"}],"duration":0}
{"event":"DEPART","time":14,"transport_id":1,"kind":"Vehicle","location":"B","destination":"Factory","cargo":[]}
{"event":"ARRIVE","time":15,"transport_id":0,"kind":"Vehicle","destination":"Factory","cargo":[]}
{"event":"LOAD","time":16,"transport_id":0,"kind":"Vehicle","location":"Factory","cargo":[{"cargo_id":5,"destination":"B","origin":"Factory"}],"duration":0}
{"event":"DEPART","time":16,"transport_id":0,"kind":"Vehicle","location":"Factory","destination":"B","cargo":[{"cargo_id":5,"destination":"B","origin":"Factory"}]}
{"event":"ARRIVE","time":17,"transport_id":2,"kind":"Ship","destination":"Port","cargo":[]}
{"event":"ARRIVE","time":19,"transport_id":1,"kind":"Vehicle","destination":"Factory","cargo":[]}
{"event":"LOAD","time":19,"transport_id":2,"kind":"Ship","location":"Port","cargo":[{"cargo_id":3,"destination":"A","origin":"Factory"}],"duration":1}
{"event":"DEPART","time":19,"transport_id":2,"kind":"Ship","location":"Port","destination":"A","cargo":[{"cargo_id":3,"destination":"A","origin":"Factory"}]}
{"event":"LOAD","time":20,"transport_id":1,"kind":"Vehicle","location":"Factory","cargo":[{"cargo_id":6,"destination":"A","origin":"Factory"}],"duration":0}
{"event":"DEPART","time":20,"transport_id":1,"kind":"Vehicle","location":"Factory","destination":"Port","cargo":[{"cargo_id":6,"destination":"A","origin":"Factory"}]}
{"event":"ARRIVE","time":21,"transport_id":0,"kind":"Vehicle","destination":"B","cargo":[{"cargo_id":5,"destination":"B","origin":"Factory"}]}
{"event":"ARRIVE","time":21,"transport_id":1,"kind":"Vehicle","destination":"Port","cargo":[{"cargo_id":6,"destination":"A","origin":"Factory"}]}
{"event":"UNLOAD","time":22,"transport_id":0,"kind":"Vehicle","location":"B","cargo":[{"cargo_id":5,"destination":"B","origin":"Factory"}],"duration":0}
{"event":"DEPART","time":22,"transport_id":0,"kind":"Vehicle","location":"B","destination":"Factory","cargo":[]}
{"event":"UNLOAD","time":22,"transport_id":1,"kind":"Vehicle","location":"Port","cargo":[{"cargo_id":6,"destination":"A","origin":"Factory"}],"duration":0}
{"event":"DEPART","time":22,"transport_id":1,"kind":"Vehicle","location":"Port","destination":"Factory","cargo":[]}
{"event":"ARRIVE","time":23,"transport_id":1,"kind":"Vehicle","destination":"Factory","cargo":[]}
{"event":"LOAD","time":24,"transport_id":1,"kind":"Vehicle","location":"Factory","cargo":[{"cargo_id":7,"destination":"B","origin":"Factory"}],"duration":0}
{"event":"DEPART","time":24,"transport_id":1,"kind":"Vehicle","location":"Factory","destination":"B","cargo":[{"cargo_id":7,"destination":"B","origin":"Factory"}]}
{"event":"ARRIVE","time":25,"transport_id":2,"kind":"Ship","destination":"A","cargo":[{"cargo_id":3,"destination":"A","origin":"Factory"}]}
{"event":"ARRIVE","time":27,"transport_id":0,"kind":"Vehicle","destination":"Factory","cargo":[]}
{"event":"UNLOAD","time":27,"transport_id":2,"kind":"Ship","location":"A","cargo":[{"cargo_id":3,"destination":"A","origin":"Factory"}],"duration":1}
{"event":"DEPART","time":27,"transport_id":2,"kind":"Ship","location":"A","destination":"Port","cargo":[]}
{"event":"ARRIVE","time":29,"transport_id":1,"kind":"Vehicle","destination":"B","cargo":[{"cargo_id":7,"destination":"B","origin":"Factory"}]}
{"event":"UNLOAD","time":30,"transport_id":1,"kind":"Vehicle","location":"B","cargo":[{"cargo_id":7,"destination":"B","origin":"Factory"}],"duration":0}
{"event":"DEPART","time":30,"transport_id":1,"kind":"Vehicle","location":"B","destination":"Factory","cargo":[]}
{"event":"ARRIVE","time":33,"transport_id":2,"kind":"Ship","destination":"Port","cargo":[]}
{"event":"ARRIVE","time":35,"transport_id":1,"kind":"Vehicle","destination":"Factory","cargo":[]}
{"event":"LOAD","time":35,"transport_id":2,"kind":"Ship","location":"Port","cargo":[{"cargo_id":6,"destination":"A","origin":"Factory"}],"duration":1}
{"event":"DEPART","time":35,"transport_id":2,"kind":"Ship","location":"Port","destination":"A","cargo":[{"cargo_id":6,"destination":"A","origin":"Factory"}]}
{"event":"ARRIVE","time":41,"transport_id":2,"kind":"Ship","destination":"A","cargo":[{"cargo_id":6,"destination":"A","origin":"Factory"}]}
{"event":"UNLOAD","time":43,"transport_id":2,"kind":"Ship","location":"A","cargo":[{"cargo_id":6,"destination":"A","origin":"Factory"}],"duration":1}
{"event":"DEPART","time":43,"transport_id":2,"kind":"Ship","location":"A","destination":"Port","cargo":[]}
