{
 "displayTimeUnit": "ms", 
 "traceEvents": [
  {
   "name": "Factory-Port", 
   "tid": "Vehicle:0", 
   "ph": "B", 
   "args": {
    "cargo": [
     "CARGO:Factory_A_0"
    ], 
    "transport": "Vehicle:0"
   }, 
   "pid": "Vehicle:0", 
   "ts": 0, 
   "cat": "ddd"
  }, 
  {
   "name": "Factory-B", 
   "tid": "Vehicle:1", 
   "ph": "B", 
   "args": {
    "cargo": [
     "CARGO:Factory_B_1"
    ], 
    "transport": "Vehicle:1"
   }, 
   "pid": "Vehicle:1", 
   "ts": 0, 
   "cat": "ddd"
  }, 
  {
   "tid": "Vehicle:0", 
   "ph": "E", 
   "args": {
    "cargo": [
     "CARGO:Factory_A_0"
    ], 
    "transport": "Vehicle:0"
   }, 
   "pid": "Vehicle:0", 
   "ts": 1, 
   "cat": "ddd"
  }, 
  {
   "name": "Port-Factory", 
   "tid": "Vehicle:0", 
   "ph": "B", 
   "args": {
    "cargo": [], 
    "transport": "Vehicle:0"
   }, 
   "pid": "Vehicle:0", 
   "ts": 2, 
   "cat": "ddd"
  }, 
  {
   "tid": "Vehicle:0", 
   "ph": "E", 
   "args": {
    "cargo": [], 
    "transport": "Vehicle:0"
   }, 
   "pid": "Vehicle:0", 
   "ts": 3, 
   "cat": "ddd"
  }, 
  {
   "name": "LOAD", 
   "args": {
    "cargo": [
     "CARGO:Factory_A_0"
    ], 
    "transport": "Ship:2"
   }, 
   "pid": "Ship:2", 
   "ts": 3, 
   "cat": "ddd", 
   "tid": "Ship:2", 
   "ph": "X", 
   "dur": 1
  }, 
  {
   "name": "Port-A", 
   "tid": "Ship:2", 
   "ph": "B", 
   "args": {
    "cargo": [
     "CARGO:Factory_A_0"
    ], 
    "transport": "Ship:2"
   }, 
   "pid": "Ship:2", 
   "ts": 3, 
   "cat": "ddd"
  }, 
  {
   "tid": "Vehicle:1", 
   "ph": "E", 
   "args": {
    "cargo": [
     "CARGO:Factory_B_1"
    ], 
    "transport": "Vehicle:1"
   }, 
   "pid": "Vehicle:1", 
   "ts": 5, 
   "cat": "ddd"
  }, 
  {
   "name": "B-Factory", 
   "tid": "Vehicle:1", 
   "ph": "B", 
   "args": {
    "cargo": [], 
    "transport": "Vehicle:1"
   }, 
   "pid": "Vehicle:1", 
   "ts": 6, 
   "cat": "ddd"
  }, 
  {
   "tid": "Ship:2", 
   "ph": "E", 
   "args": {
    "cargo": [
     "CARGO:Factory_A_0"
    ], 
    "transport": "Ship:2"
   }, 
   "pid": "Ship:2", 
   "ts": 9, 
   "cat": "ddd"
  }, 
  {
   "tid": "Vehicle:1", 
   "ph": "E", 
   "args": {
    "cargo": [], 
    "transport": "Vehicle:1"
   }, 
   "pid": "Vehicle:1", 
   "ts": 11, 
   "cat": "ddd"
  }, 
  {
   "name": "UNLOAD", 
   "args": {
    "cargo": [
     "CARGO:Factory_A_0"
    ], 
    "transport": "Ship:2"
   }, 
   "pid": "Ship:2", 
   "ts": 11, 
   "cat": "ddd", 
   "tid": "Ship:2", 
   "ph": "X", 
   "dur": 1
  }, 
  {
   "name": "A-Port", 
   "tid": "Ship:2", 
   "ph": "B", 
   "args": {
    "cargo": [], 
    "transport": "Ship:2"
   }, 
   "pid": "Ship:2", 
   "ts": 11, 
   "cat": "ddd"
  }
 ]
}
