# Deliver ABB completed in: 9
{"event":"LOAD","time":0,"transport_id":0,"kind":"Vehicle","location":"Factory","cargo":[{"cargo_id":0,"destination":"A","origin":"Factory"}],"duration":0}
{"event":"DEPART","time":0,"transport_id":0,"kind":"Vehicle","location":"Factory","destination":"Port","cargo":[{"cargo_id":0,"destination":"A","origin":"Factory"}]}
{"event":"ARRIVE","time":0,"transport_id":0,"kind":"Vehicle","destination":"Port","cargo":[{"cargo_id":0,"destination":"A","origin":"Factory"}]}
{"event":"LOAD","time":0,"transport_id":1,"kind":"Vehicle","location":"Factory","cargo":[{"cargo_id":1,"destination":"B","origin":"Factory"}],"duration":0}
{"event":"DEPART","time":0,"transport_id":1,"kind":"Vehicle","location":"Factory","destination":"B","cargo":[{"cargo_id":1,"destination":"B","origin":"Factory"}]}
{"event":"UNLOAD","time":1,"transport_id":0,"kind":"Vehicle","location":"Port","cargo":[{"cargo_id":0,"destination":"A","origin":"Factory"}],"duration":0}
{"event":"DEPART","time":1,"transport_id":0,"kind":"Vehicle","location":"Port","destination":"Factory","cargo":[]}
{"event":"ARRIVE","time":1,"transport_id":0,"kind":"Vehicle","destination":"Factory","cargo":[]}
{"event":"LOAD","time":2,"transport_id":0,"kind":"Vehicle","location":"Factory","cargo":[{"cargo_id":2,"destination":"B","origin":"Factory"}],"duration":0}
{"event":"DEPART","time":2,"transport_id":0,"kind":"Vehicle","location":"Factory","destination":"B","cargo":[{"cargo_id":2,"destination":"B","origin":"Factory"}]}
{"event":"LOAD","time":2,"transport_id":2,"kind":"Ship","location":"Port","cargo":[{"cargo_id":0,"destination":"A","origin":"Factory"}],"duration":1}
{"event":"DEPART","time":2,"transport_id":2,"kind":"Ship","location":"Port","destination":"A","cargo":[{"cargo_id":0,"destination":"A","origin":"Factory"}]}
{"event":"ARRIVE","time":4,"transport_id":1,"kind":"Vehicle","destination":"B","cargo":[{"cargo_id":1,"destination":"B","origin":"Factory"}]}
{"event":"UNLOAD","time":5,"transport_id":1,"kind":"Vehicle","location":"B","cargo":[{"cargo_id":1,"destination":"B","origin":"Factory"}],"duration":0}
{"event":"DEPART","time":5,"transport_id":1,"kind":"Vehicle","location":"B","destination":"Factory","cargo":[]}
{"event":"ARRIVE","time":6,"transport_id":0,"kind":"Vehicle","destination":"B","cargo":[{"cargo_id":2,"destination":"B","origin":"Factory"}]}
{"event":"UNLOAD","time":7,"transport_id":0,"kind":"Vehicle","location":"B","cargo":[{"cargo_id":2,"destination":"B","origin":"Factory"}],"duration":0}
{"event":"DEPART","time":7,"transport_id":0,"kind":"Vehicle","location":"B","destination":"Factory","cargo":[]}
{"event":"ARRIVE","time":7,"transport_id":2,"kind":"Ship","destination":"A","cargo":[{"cargo_id":0,"destination":"A","origin":"Factory"}]}
{"event":"ARRIVE","time":9,"transport_id":1,"kind":"Vehicle","destination":"Factory","cargo":[]}
{"event":"UNLOAD","time":9,"transport_id":2,"kind":"Ship","location":"A","cargo":[{"cargo_id":0,"destination":"A","origin":"Factory"}],"duration":1}
{"event":"DEPART","time":9,"transport_id":2,"kind":"Ship","location":"A","destination":"Port","cargo":[]}
