{
 "displayTimeUnit": "ms", 
 "traceEvents": [
  {
   "name": "Factory-B", 
   "tid": "Vehicle:0", 
   "ph": "B", 
   "args": {
    "cargo": [
     "CARGO:Factory_B_0"
    ], 
    "transport": "Vehicle:0"
   }, 
   "pid": "Vehicle:0", 
   "ts": 0, 
   "cat": "ddd"
  }, 
  {
   "tid": "Vehicle:0", 
   "ph": "E", 
   "args": {
    "cargo": [
     "CARGO:Factory_B_0"
    ], 
    "transport": "Vehicle:0"
   }, 
   "pid": "Vehicle:0", 
   "ts": 5, 
   "cat": "ddd"
  }, 
  {
   "name": "B-Factory", 
   "tid": "Vehicle:0", 
   "ph": "B", 
   "args": {
    "cargo": [], 
    "transport": "Vehicle:0"
   }, 
   "pid": "Vehicle:0", 
   "ts": 6, 
   "cat": "ddd"
  }
 ]
}
