{
 "displayTimeUnit": "ms",
 "traceEvents": [
  {
   "ts": 0,
   "pid": "Vehicle:0",
   "tid": "Vehicle:0",
   "cat": "ddd",
   "args": {
    "cargo": [
     "CARGO:Factory_B_0"
    ],
    "transport": "Vehicle:0"
   },
   "ph": "B",
   "name": "Factory-B"
  },
  {
   "ts": 0,
   "pid": "Vehicle:1",
   "tid": "Vehicle:1",
   "cat": "ddd",
   "args": {
    "cargo": [
     "CARGO:Factory_B_1"
    ],
    "transport": "Vehicle:1"
   },
   "ph": "B",
   "name": "Factory-B"
  },
  {
   "ts": 4,
   "pid": "Vehicle:0",
   "tid": "Vehicle:0",
   "cat": "ddd",
   "args": {
    "cargo": [
     "CARGO:Factory_B_0"
    ],
    "transport": "Vehicle:0"
   },
   "ph": "E"
  },
  {
   "ts": 4,
   "pid": "Vehicle:1",
   "tid": "Vehicle:1",
   "cat": "ddd",
   "args": {
    "cargo": [
     "CARGO:Factory_B_1"
    ],
    "transport": "Vehicle:1"
   },
   "ph": "E"
  },
  {
   "ts": 5,
   "pid": "Vehicle:0",
   "tid": "Vehicle:0",
   "cat": "ddd",
   "args": {
    "cargo": [],
    "transport": "Vehicle:0"
   },
   "ph": "B",
   "name": "B-Factory"
  },
  {
   "ts": 5,
   "pid": "Vehicle:1",
   "tid": "Vehicle:1",
   "cat": "ddd",
   "args": {
    "cargo": [],
    "transport": "Vehicle:1"
   },
   "ph": "B",
   "name": "B-Factory"
  }
 ]
}
